<?xml version="1.0" encoding="UTF-8"?>
<!-- Generated by org.testng.reporters.JUnitReportReporter -->
<testsuite skipped="0" hostname="STEPARROW" name="Testrunner" tests="4" failures="0" timestamp="25 Aug 2017 11:30:09 GMT" time="120.441" errors="0">
  <testcase name="login" time="3.651" classname="Testrunner"/>
  <testcase name="homepage" time="8.600" classname="Testrunner"/>
  <testcase name="production" time="55.972" classname="Testrunner"/>
  <testcase name="ViewDirectory" time="52.218" classname="Testrunner"/>
</testsuite> <!-- Testrunner -->
